###############################################################
#  Generated by:      Cadence Encounter 13.13-s017_1
#  OS:                Linux x86_64(Host ID microelnsys)
#  Generated on:      Wed Oct 18 23:54:43 2017
#  Design:            DLX
#  Command:           verifyConnectivity -type all -error 1000 -warning 50
###############################################################
Verify Connectivity Report is created on Wed Oct 18 23:54:43 2017



Net vdd: special open at (1.685, 1.565) (190.785, 187.155)
Net vdd: special open at (1.685, 3.975) (190.785, 4.145)
Net vdd: dangling Wire at (189.985, 3.975) (189.985, 3.975) on layer: M6
Net vdd: dangling Wire at (180.780, 3.975) (180.780, 3.975) on layer: M6
Net vdd: dangling Wire at (160.780, 3.975) (160.780, 3.975) on layer: M6
Net vdd: dangling Wire at (140.780, 3.975) (140.780, 3.975) on layer: M6
Net vdd: dangling Wire at (120.780, 3.975) (120.780, 3.975) on layer: M6
Net vdd: dangling Wire at (100.780, 3.975) (100.780, 3.975) on layer: M6
Net vdd: dangling Wire at (80.780, 3.975) (80.780, 3.975) on layer: M6
Net vdd: dangling Wire at (60.780, 3.975) (60.780, 3.975) on layer: M6
Net vdd: dangling Wire at (40.780, 3.975) (40.780, 3.975) on layer: M6
Net vdd: dangling Wire at (20.780, 3.975) (20.780, 3.975) on layer: M6
Net vdd: dangling Wire at (1.685, 3.975) (1.685, 3.975) on layer: M6

Begin Summary
    2 Problem(s) (ENCVFC-200): Special Wires: Pieces of the net are not connected together.
    11 Problem(s) (ENCVFC-94): The net has dangling wire(s).
    13 total info(s) created.
End Summary
